Created by PLY version 3.11 (http://www.dabeaz.com/ply)

Grammar

Rule 0     S' -> program
Rule 1     program -> statements
Rule 2     statements -> statements statement
Rule 3     statements -> statement
Rule 4     statement -> ID EQUAL expression
Rule 5     statement -> expression
Rule 6     statement -> IF LPAREN expression RPAREN block
Rule 7     statement -> IF LPAREN expression RPAREN block ELSE block
Rule 8     statement -> WHILE LPAREN expression RPAREN block
Rule 9     block -> LBRACE statements RBRACE
Rule 10    expression -> expression PLUS expression
Rule 11    expression -> expression MINUS expression
Rule 12    expression -> expression TIMES expression
Rule 13    expression -> expression DIVIDE expression
Rule 14    expression -> expression LT expression
Rule 15    expression -> expression LE expression
Rule 16    expression -> expression GT expression
Rule 17    expression -> expression GE expression
Rule 18    expression -> expression EQ expression
Rule 19    expression -> expression NE expression
Rule 20    expression -> expression AND expression
Rule 21    expression -> expression OR expression
Rule 22    expression -> NOT expression
Rule 23    expression -> MINUS expression
Rule 24    expression -> LPAREN expression RPAREN
Rule 25    expression -> NUMBER
Rule 26    expression -> ID

Terminals, with rules where they appear

AND                  : 20
DIVIDE               : 13
ELSE                 : 7
EQ                   : 18
EQUAL                : 4
GE                   : 17
GT                   : 16
ID                   : 4 26
IF                   : 6 7
LBRACE               : 9
LE                   : 15
LPAREN               : 6 7 8 24
LT                   : 14
MINUS                : 11 23
NE                   : 19
NOT                  : 22
NUMBER               : 25
OR                   : 21
PLUS                 : 10
RBRACE               : 9
RPAREN               : 6 7 8 24
TIMES                : 12
WHILE                : 8
error                : 

Nonterminals, with rules where they appear

block                : 6 7 7 8
expression           : 4 5 6 7 8 10 10 11 11 12 12 13 13 14 14 15 15 16 16 17 17 18 18 19 19 20 20 21 21 22 23 24
program              : 0
statement            : 2 3
statements           : 1 2 9

Parsing method: LALR

state 0

    (0) S' -> . program
    (1) program -> . statements
    (2) statements -> . statements statement
    (3) statements -> . statement
    (4) statement -> . ID EQUAL expression
    (5) statement -> . expression
    (6) statement -> . IF LPAREN expression RPAREN block
    (7) statement -> . IF LPAREN expression RPAREN block ELSE block
    (8) statement -> . WHILE LPAREN expression RPAREN block
    (10) expression -> . expression PLUS expression
    (11) expression -> . expression MINUS expression
    (12) expression -> . expression TIMES expression
    (13) expression -> . expression DIVIDE expression
    (14) expression -> . expression LT expression
    (15) expression -> . expression LE expression
    (16) expression -> . expression GT expression
    (17) expression -> . expression GE expression
    (18) expression -> . expression EQ expression
    (19) expression -> . expression NE expression
    (20) expression -> . expression AND expression
    (21) expression -> . expression OR expression
    (22) expression -> . NOT expression
    (23) expression -> . MINUS expression
    (24) expression -> . LPAREN expression RPAREN
    (25) expression -> . NUMBER
    (26) expression -> . ID

    ID              shift and go to state 4
    IF              shift and go to state 6
    WHILE           shift and go to state 8
    NOT             shift and go to state 10
    MINUS           shift and go to state 9
    LPAREN          shift and go to state 7
    NUMBER          shift and go to state 11

    program                        shift and go to state 1
    statements                     shift and go to state 2
    statement                      shift and go to state 3
    expression                     shift and go to state 5

state 1

    (0) S' -> program .



state 2

    (1) program -> statements .
    (2) statements -> statements . statement
    (4) statement -> . ID EQUAL expression
    (5) statement -> . expression
    (6) statement -> . IF LPAREN expression RPAREN block
    (7) statement -> . IF LPAREN expression RPAREN block ELSE block
    (8) statement -> . WHILE LPAREN expression RPAREN block
    (10) expression -> . expression PLUS expression
    (11) expression -> . expression MINUS expression
    (12) expression -> . expression TIMES expression
    (13) expression -> . expression DIVIDE expression
    (14) expression -> . expression LT expression
    (15) expression -> . expression LE expression
    (16) expression -> . expression GT expression
    (17) expression -> . expression GE expression
    (18) expression -> . expression EQ expression
    (19) expression -> . expression NE expression
    (20) expression -> . expression AND expression
    (21) expression -> . expression OR expression
    (22) expression -> . NOT expression
    (23) expression -> . MINUS expression
    (24) expression -> . LPAREN expression RPAREN
    (25) expression -> . NUMBER
    (26) expression -> . ID

    $end            reduce using rule 1 (program -> statements .)
    ID              shift and go to state 4
    IF              shift and go to state 6
    WHILE           shift and go to state 8
    NOT             shift and go to state 10
    MINUS           shift and go to state 9
    LPAREN          shift and go to state 7
    NUMBER          shift and go to state 11

    statement                      shift and go to state 12
    expression                     shift and go to state 5

state 3

    (3) statements -> statement .

    ID              reduce using rule 3 (statements -> statement .)
    IF              reduce using rule 3 (statements -> statement .)
    WHILE           reduce using rule 3 (statements -> statement .)
    NOT             reduce using rule 3 (statements -> statement .)
    MINUS           reduce using rule 3 (statements -> statement .)
    LPAREN          reduce using rule 3 (statements -> statement .)
    NUMBER          reduce using rule 3 (statements -> statement .)
    $end            reduce using rule 3 (statements -> statement .)
    RBRACE          reduce using rule 3 (statements -> statement .)


state 4

    (4) statement -> ID . EQUAL expression
    (26) expression -> ID .

    EQUAL           shift and go to state 13
    PLUS            reduce using rule 26 (expression -> ID .)
    MINUS           reduce using rule 26 (expression -> ID .)
    TIMES           reduce using rule 26 (expression -> ID .)
    DIVIDE          reduce using rule 26 (expression -> ID .)
    LT              reduce using rule 26 (expression -> ID .)
    LE              reduce using rule 26 (expression -> ID .)
    GT              reduce using rule 26 (expression -> ID .)
    GE              reduce using rule 26 (expression -> ID .)
    EQ              reduce using rule 26 (expression -> ID .)
    NE              reduce using rule 26 (expression -> ID .)
    AND             reduce using rule 26 (expression -> ID .)
    OR              reduce using rule 26 (expression -> ID .)
    ID              reduce using rule 26 (expression -> ID .)
    IF              reduce using rule 26 (expression -> ID .)
    WHILE           reduce using rule 26 (expression -> ID .)
    NOT             reduce using rule 26 (expression -> ID .)
    LPAREN          reduce using rule 26 (expression -> ID .)
    NUMBER          reduce using rule 26 (expression -> ID .)
    $end            reduce using rule 26 (expression -> ID .)
    RBRACE          reduce using rule 26 (expression -> ID .)


state 5

    (5) statement -> expression .
    (10) expression -> expression . PLUS expression
    (11) expression -> expression . MINUS expression
    (12) expression -> expression . TIMES expression
    (13) expression -> expression . DIVIDE expression
    (14) expression -> expression . LT expression
    (15) expression -> expression . LE expression
    (16) expression -> expression . GT expression
    (17) expression -> expression . GE expression
    (18) expression -> expression . EQ expression
    (19) expression -> expression . NE expression
    (20) expression -> expression . AND expression
    (21) expression -> expression . OR expression

  ! shift/reduce conflict for MINUS resolved as shift
    ID              reduce using rule 5 (statement -> expression .)
    IF              reduce using rule 5 (statement -> expression .)
    WHILE           reduce using rule 5 (statement -> expression .)
    NOT             reduce using rule 5 (statement -> expression .)
    LPAREN          reduce using rule 5 (statement -> expression .)
    NUMBER          reduce using rule 5 (statement -> expression .)
    $end            reduce using rule 5 (statement -> expression .)
    RBRACE          reduce using rule 5 (statement -> expression .)
    PLUS            shift and go to state 14
    MINUS           shift and go to state 15
    TIMES           shift and go to state 16
    DIVIDE          shift and go to state 17
    LT              shift and go to state 18
    LE              shift and go to state 19
    GT              shift and go to state 20
    GE              shift and go to state 21
    EQ              shift and go to state 22
    NE              shift and go to state 23
    AND             shift and go to state 24
    OR              shift and go to state 25

  ! MINUS           [ reduce using rule 5 (statement -> expression .) ]


state 6

    (6) statement -> IF . LPAREN expression RPAREN block
    (7) statement -> IF . LPAREN expression RPAREN block ELSE block

    LPAREN          shift and go to state 26


state 7

    (24) expression -> LPAREN . expression RPAREN
    (10) expression -> . expression PLUS expression
    (11) expression -> . expression MINUS expression
    (12) expression -> . expression TIMES expression
    (13) expression -> . expression DIVIDE expression
    (14) expression -> . expression LT expression
    (15) expression -> . expression LE expression
    (16) expression -> . expression GT expression
    (17) expression -> . expression GE expression
    (18) expression -> . expression EQ expression
    (19) expression -> . expression NE expression
    (20) expression -> . expression AND expression
    (21) expression -> . expression OR expression
    (22) expression -> . NOT expression
    (23) expression -> . MINUS expression
    (24) expression -> . LPAREN expression RPAREN
    (25) expression -> . NUMBER
    (26) expression -> . ID

    NOT             shift and go to state 10
    MINUS           shift and go to state 9
    LPAREN          shift and go to state 7
    NUMBER          shift and go to state 11
    ID              shift and go to state 28

    expression                     shift and go to state 27

state 8

    (8) statement -> WHILE . LPAREN expression RPAREN block

    LPAREN          shift and go to state 29


state 9

    (23) expression -> MINUS . expression
    (10) expression -> . expression PLUS expression
    (11) expression -> . expression MINUS expression
    (12) expression -> . expression TIMES expression
    (13) expression -> . expression DIVIDE expression
    (14) expression -> . expression LT expression
    (15) expression -> . expression LE expression
    (16) expression -> . expression GT expression
    (17) expression -> . expression GE expression
    (18) expression -> . expression EQ expression
    (19) expression -> . expression NE expression
    (20) expression -> . expression AND expression
    (21) expression -> . expression OR expression
    (22) expression -> . NOT expression
    (23) expression -> . MINUS expression
    (24) expression -> . LPAREN expression RPAREN
    (25) expression -> . NUMBER
    (26) expression -> . ID

    NOT             shift and go to state 10
    MINUS           shift and go to state 9
    LPAREN          shift and go to state 7
    NUMBER          shift and go to state 11
    ID              shift and go to state 28

    expression                     shift and go to state 30

state 10

    (22) expression -> NOT . expression
    (10) expression -> . expression PLUS expression
    (11) expression -> . expression MINUS expression
    (12) expression -> . expression TIMES expression
    (13) expression -> . expression DIVIDE expression
    (14) expression -> . expression LT expression
    (15) expression -> . expression LE expression
    (16) expression -> . expression GT expression
    (17) expression -> . expression GE expression
    (18) expression -> . expression EQ expression
    (19) expression -> . expression NE expression
    (20) expression -> . expression AND expression
    (21) expression -> . expression OR expression
    (22) expression -> . NOT expression
    (23) expression -> . MINUS expression
    (24) expression -> . LPAREN expression RPAREN
    (25) expression -> . NUMBER
    (26) expression -> . ID

    NOT             shift and go to state 10
    MINUS           shift and go to state 9
    LPAREN          shift and go to state 7
    NUMBER          shift and go to state 11
    ID              shift and go to state 28

    expression                     shift and go to state 31

state 11

    (25) expression -> NUMBER .

    PLUS            reduce using rule 25 (expression -> NUMBER .)
    MINUS           reduce using rule 25 (expression -> NUMBER .)
    TIMES           reduce using rule 25 (expression -> NUMBER .)
    DIVIDE          reduce using rule 25 (expression -> NUMBER .)
    LT              reduce using rule 25 (expression -> NUMBER .)
    LE              reduce using rule 25 (expression -> NUMBER .)
    GT              reduce using rule 25 (expression -> NUMBER .)
    GE              reduce using rule 25 (expression -> NUMBER .)
    EQ              reduce using rule 25 (expression -> NUMBER .)
    NE              reduce using rule 25 (expression -> NUMBER .)
    AND             reduce using rule 25 (expression -> NUMBER .)
    OR              reduce using rule 25 (expression -> NUMBER .)
    ID              reduce using rule 25 (expression -> NUMBER .)
    IF              reduce using rule 25 (expression -> NUMBER .)
    WHILE           reduce using rule 25 (expression -> NUMBER .)
    NOT             reduce using rule 25 (expression -> NUMBER .)
    LPAREN          reduce using rule 25 (expression -> NUMBER .)
    NUMBER          reduce using rule 25 (expression -> NUMBER .)
    $end            reduce using rule 25 (expression -> NUMBER .)
    RPAREN          reduce using rule 25 (expression -> NUMBER .)
    RBRACE          reduce using rule 25 (expression -> NUMBER .)


state 12

    (2) statements -> statements statement .

    ID              reduce using rule 2 (statements -> statements statement .)
    IF              reduce using rule 2 (statements -> statements statement .)
    WHILE           reduce using rule 2 (statements -> statements statement .)
    NOT             reduce using rule 2 (statements -> statements statement .)
    MINUS           reduce using rule 2 (statements -> statements statement .)
    LPAREN          reduce using rule 2 (statements -> statements statement .)
    NUMBER          reduce using rule 2 (statements -> statements statement .)
    $end            reduce using rule 2 (statements -> statements statement .)
    RBRACE          reduce using rule 2 (statements -> statements statement .)


state 13

    (4) statement -> ID EQUAL . expression
    (10) expression -> . expression PLUS expression
    (11) expression -> . expression MINUS expression
    (12) expression -> . expression TIMES expression
    (13) expression -> . expression DIVIDE expression
    (14) expression -> . expression LT expression
    (15) expression -> . expression LE expression
    (16) expression -> . expression GT expression
    (17) expression -> . expression GE expression
    (18) expression -> . expression EQ expression
    (19) expression -> . expression NE expression
    (20) expression -> . expression AND expression
    (21) expression -> . expression OR expression
    (22) expression -> . NOT expression
    (23) expression -> . MINUS expression
    (24) expression -> . LPAREN expression RPAREN
    (25) expression -> . NUMBER
    (26) expression -> . ID

    NOT             shift and go to state 10
    MINUS           shift and go to state 9
    LPAREN          shift and go to state 7
    NUMBER          shift and go to state 11
    ID              shift and go to state 28

    expression                     shift and go to state 32

state 14

    (10) expression -> expression PLUS . expression
    (10) expression -> . expression PLUS expression
    (11) expression -> . expression MINUS expression
    (12) expression -> . expression TIMES expression
    (13) expression -> . expression DIVIDE expression
    (14) expression -> . expression LT expression
    (15) expression -> . expression LE expression
    (16) expression -> . expression GT expression
    (17) expression -> . expression GE expression
    (18) expression -> . expression EQ expression
    (19) expression -> . expression NE expression
    (20) expression -> . expression AND expression
    (21) expression -> . expression OR expression
    (22) expression -> . NOT expression
    (23) expression -> . MINUS expression
    (24) expression -> . LPAREN expression RPAREN
    (25) expression -> . NUMBER
    (26) expression -> . ID

    NOT             shift and go to state 10
    MINUS           shift and go to state 9
    LPAREN          shift and go to state 7
    NUMBER          shift and go to state 11
    ID              shift and go to state 28

    expression                     shift and go to state 33

state 15

    (11) expression -> expression MINUS . expression
    (10) expression -> . expression PLUS expression
    (11) expression -> . expression MINUS expression
    (12) expression -> . expression TIMES expression
    (13) expression -> . expression DIVIDE expression
    (14) expression -> . expression LT expression
    (15) expression -> . expression LE expression
    (16) expression -> . expression GT expression
    (17) expression -> . expression GE expression
    (18) expression -> . expression EQ expression
    (19) expression -> . expression NE expression
    (20) expression -> . expression AND expression
    (21) expression -> . expression OR expression
    (22) expression -> . NOT expression
    (23) expression -> . MINUS expression
    (24) expression -> . LPAREN expression RPAREN
    (25) expression -> . NUMBER
    (26) expression -> . ID

    NOT             shift and go to state 10
    MINUS           shift and go to state 9
    LPAREN          shift and go to state 7
    NUMBER          shift and go to state 11
    ID              shift and go to state 28

    expression                     shift and go to state 34

state 16

    (12) expression -> expression TIMES . expression
    (10) expression -> . expression PLUS expression
    (11) expression -> . expression MINUS expression
    (12) expression -> . expression TIMES expression
    (13) expression -> . expression DIVIDE expression
    (14) expression -> . expression LT expression
    (15) expression -> . expression LE expression
    (16) expression -> . expression GT expression
    (17) expression -> . expression GE expression
    (18) expression -> . expression EQ expression
    (19) expression -> . expression NE expression
    (20) expression -> . expression AND expression
    (21) expression -> . expression OR expression
    (22) expression -> . NOT expression
    (23) expression -> . MINUS expression
    (24) expression -> . LPAREN expression RPAREN
    (25) expression -> . NUMBER
    (26) expression -> . ID

    NOT             shift and go to state 10
    MINUS           shift and go to state 9
    LPAREN          shift and go to state 7
    NUMBER          shift and go to state 11
    ID              shift and go to state 28

    expression                     shift and go to state 35

state 17

    (13) expression -> expression DIVIDE . expression
    (10) expression -> . expression PLUS expression
    (11) expression -> . expression MINUS expression
    (12) expression -> . expression TIMES expression
    (13) expression -> . expression DIVIDE expression
    (14) expression -> . expression LT expression
    (15) expression -> . expression LE expression
    (16) expression -> . expression GT expression
    (17) expression -> . expression GE expression
    (18) expression -> . expression EQ expression
    (19) expression -> . expression NE expression
    (20) expression -> . expression AND expression
    (21) expression -> . expression OR expression
    (22) expression -> . NOT expression
    (23) expression -> . MINUS expression
    (24) expression -> . LPAREN expression RPAREN
    (25) expression -> . NUMBER
    (26) expression -> . ID

    NOT             shift and go to state 10
    MINUS           shift and go to state 9
    LPAREN          shift and go to state 7
    NUMBER          shift and go to state 11
    ID              shift and go to state 28

    expression                     shift and go to state 36

state 18

    (14) expression -> expression LT . expression
    (10) expression -> . expression PLUS expression
    (11) expression -> . expression MINUS expression
    (12) expression -> . expression TIMES expression
    (13) expression -> . expression DIVIDE expression
    (14) expression -> . expression LT expression
    (15) expression -> . expression LE expression
    (16) expression -> . expression GT expression
    (17) expression -> . expression GE expression
    (18) expression -> . expression EQ expression
    (19) expression -> . expression NE expression
    (20) expression -> . expression AND expression
    (21) expression -> . expression OR expression
    (22) expression -> . NOT expression
    (23) expression -> . MINUS expression
    (24) expression -> . LPAREN expression RPAREN
    (25) expression -> . NUMBER
    (26) expression -> . ID

    NOT             shift and go to state 10
    MINUS           shift and go to state 9
    LPAREN          shift and go to state 7
    NUMBER          shift and go to state 11
    ID              shift and go to state 28

    expression                     shift and go to state 37

state 19

    (15) expression -> expression LE . expression
    (10) expression -> . expression PLUS expression
    (11) expression -> . expression MINUS expression
    (12) expression -> . expression TIMES expression
    (13) expression -> . expression DIVIDE expression
    (14) expression -> . expression LT expression
    (15) expression -> . expression LE expression
    (16) expression -> . expression GT expression
    (17) expression -> . expression GE expression
    (18) expression -> . expression EQ expression
    (19) expression -> . expression NE expression
    (20) expression -> . expression AND expression
    (21) expression -> . expression OR expression
    (22) expression -> . NOT expression
    (23) expression -> . MINUS expression
    (24) expression -> . LPAREN expression RPAREN
    (25) expression -> . NUMBER
    (26) expression -> . ID

    NOT             shift and go to state 10
    MINUS           shift and go to state 9
    LPAREN          shift and go to state 7
    NUMBER          shift and go to state 11
    ID              shift and go to state 28

    expression                     shift and go to state 38

state 20

    (16) expression -> expression GT . expression
    (10) expression -> . expression PLUS expression
    (11) expression -> . expression MINUS expression
    (12) expression -> . expression TIMES expression
    (13) expression -> . expression DIVIDE expression
    (14) expression -> . expression LT expression
    (15) expression -> . expression LE expression
    (16) expression -> . expression GT expression
    (17) expression -> . expression GE expression
    (18) expression -> . expression EQ expression
    (19) expression -> . expression NE expression
    (20) expression -> . expression AND expression
    (21) expression -> . expression OR expression
    (22) expression -> . NOT expression
    (23) expression -> . MINUS expression
    (24) expression -> . LPAREN expression RPAREN
    (25) expression -> . NUMBER
    (26) expression -> . ID

    NOT             shift and go to state 10
    MINUS           shift and go to state 9
    LPAREN          shift and go to state 7
    NUMBER          shift and go to state 11
    ID              shift and go to state 28

    expression                     shift and go to state 39

state 21

    (17) expression -> expression GE . expression
    (10) expression -> . expression PLUS expression
    (11) expression -> . expression MINUS expression
    (12) expression -> . expression TIMES expression
    (13) expression -> . expression DIVIDE expression
    (14) expression -> . expression LT expression
    (15) expression -> . expression LE expression
    (16) expression -> . expression GT expression
    (17) expression -> . expression GE expression
    (18) expression -> . expression EQ expression
    (19) expression -> . expression NE expression
    (20) expression -> . expression AND expression
    (21) expression -> . expression OR expression
    (22) expression -> . NOT expression
    (23) expression -> . MINUS expression
    (24) expression -> . LPAREN expression RPAREN
    (25) expression -> . NUMBER
    (26) expression -> . ID

    NOT             shift and go to state 10
    MINUS           shift and go to state 9
    LPAREN          shift and go to state 7
    NUMBER          shift and go to state 11
    ID              shift and go to state 28

    expression                     shift and go to state 40

state 22

    (18) expression -> expression EQ . expression
    (10) expression -> . expression PLUS expression
    (11) expression -> . expression MINUS expression
    (12) expression -> . expression TIMES expression
    (13) expression -> . expression DIVIDE expression
    (14) expression -> . expression LT expression
    (15) expression -> . expression LE expression
    (16) expression -> . expression GT expression
    (17) expression -> . expression GE expression
    (18) expression -> . expression EQ expression
    (19) expression -> . expression NE expression
    (20) expression -> . expression AND expression
    (21) expression -> . expression OR expression
    (22) expression -> . NOT expression
    (23) expression -> . MINUS expression
    (24) expression -> . LPAREN expression RPAREN
    (25) expression -> . NUMBER
    (26) expression -> . ID

    NOT             shift and go to state 10
    MINUS           shift and go to state 9
    LPAREN          shift and go to state 7
    NUMBER          shift and go to state 11
    ID              shift and go to state 28

    expression                     shift and go to state 41

state 23

    (19) expression -> expression NE . expression
    (10) expression -> . expression PLUS expression
    (11) expression -> . expression MINUS expression
    (12) expression -> . expression TIMES expression
    (13) expression -> . expression DIVIDE expression
    (14) expression -> . expression LT expression
    (15) expression -> . expression LE expression
    (16) expression -> . expression GT expression
    (17) expression -> . expression GE expression
    (18) expression -> . expression EQ expression
    (19) expression -> . expression NE expression
    (20) expression -> . expression AND expression
    (21) expression -> . expression OR expression
    (22) expression -> . NOT expression
    (23) expression -> . MINUS expression
    (24) expression -> . LPAREN expression RPAREN
    (25) expression -> . NUMBER
    (26) expression -> . ID

    NOT             shift and go to state 10
    MINUS           shift and go to state 9
    LPAREN          shift and go to state 7
    NUMBER          shift and go to state 11
    ID              shift and go to state 28

    expression                     shift and go to state 42

state 24

    (20) expression -> expression AND . expression
    (10) expression -> . expression PLUS expression
    (11) expression -> . expression MINUS expression
    (12) expression -> . expression TIMES expression
    (13) expression -> . expression DIVIDE expression
    (14) expression -> . expression LT expression
    (15) expression -> . expression LE expression
    (16) expression -> . expression GT expression
    (17) expression -> . expression GE expression
    (18) expression -> . expression EQ expression
    (19) expression -> . expression NE expression
    (20) expression -> . expression AND expression
    (21) expression -> . expression OR expression
    (22) expression -> . NOT expression
    (23) expression -> . MINUS expression
    (24) expression -> . LPAREN expression RPAREN
    (25) expression -> . NUMBER
    (26) expression -> . ID

    NOT             shift and go to state 10
    MINUS           shift and go to state 9
    LPAREN          shift and go to state 7
    NUMBER          shift and go to state 11
    ID              shift and go to state 28

    expression                     shift and go to state 43

state 25

    (21) expression -> expression OR . expression
    (10) expression -> . expression PLUS expression
    (11) expression -> . expression MINUS expression
    (12) expression -> . expression TIMES expression
    (13) expression -> . expression DIVIDE expression
    (14) expression -> . expression LT expression
    (15) expression -> . expression LE expression
    (16) expression -> . expression GT expression
    (17) expression -> . expression GE expression
    (18) expression -> . expression EQ expression
    (19) expression -> . expression NE expression
    (20) expression -> . expression AND expression
    (21) expression -> . expression OR expression
    (22) expression -> . NOT expression
    (23) expression -> . MINUS expression
    (24) expression -> . LPAREN expression RPAREN
    (25) expression -> . NUMBER
    (26) expression -> . ID

    NOT             shift and go to state 10
    MINUS           shift and go to state 9
    LPAREN          shift and go to state 7
    NUMBER          shift and go to state 11
    ID              shift and go to state 28

    expression                     shift and go to state 44

state 26

    (6) statement -> IF LPAREN . expression RPAREN block
    (7) statement -> IF LPAREN . expression RPAREN block ELSE block
    (10) expression -> . expression PLUS expression
    (11) expression -> . expression MINUS expression
    (12) expression -> . expression TIMES expression
    (13) expression -> . expression DIVIDE expression
    (14) expression -> . expression LT expression
    (15) expression -> . expression LE expression
    (16) expression -> . expression GT expression
    (17) expression -> . expression GE expression
    (18) expression -> . expression EQ expression
    (19) expression -> . expression NE expression
    (20) expression -> . expression AND expression
    (21) expression -> . expression OR expression
    (22) expression -> . NOT expression
    (23) expression -> . MINUS expression
    (24) expression -> . LPAREN expression RPAREN
    (25) expression -> . NUMBER
    (26) expression -> . ID

    NOT             shift and go to state 10
    MINUS           shift and go to state 9
    LPAREN          shift and go to state 7
    NUMBER          shift and go to state 11
    ID              shift and go to state 28

    expression                     shift and go to state 45

state 27

    (24) expression -> LPAREN expression . RPAREN
    (10) expression -> expression . PLUS expression
    (11) expression -> expression . MINUS expression
    (12) expression -> expression . TIMES expression
    (13) expression -> expression . DIVIDE expression
    (14) expression -> expression . LT expression
    (15) expression -> expression . LE expression
    (16) expression -> expression . GT expression
    (17) expression -> expression . GE expression
    (18) expression -> expression . EQ expression
    (19) expression -> expression . NE expression
    (20) expression -> expression . AND expression
    (21) expression -> expression . OR expression

    RPAREN          shift and go to state 46
    PLUS            shift and go to state 14
    MINUS           shift and go to state 15
    TIMES           shift and go to state 16
    DIVIDE          shift and go to state 17
    LT              shift and go to state 18
    LE              shift and go to state 19
    GT              shift and go to state 20
    GE              shift and go to state 21
    EQ              shift and go to state 22
    NE              shift and go to state 23
    AND             shift and go to state 24
    OR              shift and go to state 25


state 28

    (26) expression -> ID .

    RPAREN          reduce using rule 26 (expression -> ID .)
    PLUS            reduce using rule 26 (expression -> ID .)
    MINUS           reduce using rule 26 (expression -> ID .)
    TIMES           reduce using rule 26 (expression -> ID .)
    DIVIDE          reduce using rule 26 (expression -> ID .)
    LT              reduce using rule 26 (expression -> ID .)
    LE              reduce using rule 26 (expression -> ID .)
    GT              reduce using rule 26 (expression -> ID .)
    GE              reduce using rule 26 (expression -> ID .)
    EQ              reduce using rule 26 (expression -> ID .)
    NE              reduce using rule 26 (expression -> ID .)
    AND             reduce using rule 26 (expression -> ID .)
    OR              reduce using rule 26 (expression -> ID .)
    ID              reduce using rule 26 (expression -> ID .)
    IF              reduce using rule 26 (expression -> ID .)
    WHILE           reduce using rule 26 (expression -> ID .)
    NOT             reduce using rule 26 (expression -> ID .)
    LPAREN          reduce using rule 26 (expression -> ID .)
    NUMBER          reduce using rule 26 (expression -> ID .)
    $end            reduce using rule 26 (expression -> ID .)
    RBRACE          reduce using rule 26 (expression -> ID .)


state 29

    (8) statement -> WHILE LPAREN . expression RPAREN block
    (10) expression -> . expression PLUS expression
    (11) expression -> . expression MINUS expression
    (12) expression -> . expression TIMES expression
    (13) expression -> . expression DIVIDE expression
    (14) expression -> . expression LT expression
    (15) expression -> . expression LE expression
    (16) expression -> . expression GT expression
    (17) expression -> . expression GE expression
    (18) expression -> . expression EQ expression
    (19) expression -> . expression NE expression
    (20) expression -> . expression AND expression
    (21) expression -> . expression OR expression
    (22) expression -> . NOT expression
    (23) expression -> . MINUS expression
    (24) expression -> . LPAREN expression RPAREN
    (25) expression -> . NUMBER
    (26) expression -> . ID

    NOT             shift and go to state 10
    MINUS           shift and go to state 9
    LPAREN          shift and go to state 7
    NUMBER          shift and go to state 11
    ID              shift and go to state 28

    expression                     shift and go to state 47

state 30

    (23) expression -> MINUS expression .
    (10) expression -> expression . PLUS expression
    (11) expression -> expression . MINUS expression
    (12) expression -> expression . TIMES expression
    (13) expression -> expression . DIVIDE expression
    (14) expression -> expression . LT expression
    (15) expression -> expression . LE expression
    (16) expression -> expression . GT expression
    (17) expression -> expression . GE expression
    (18) expression -> expression . EQ expression
    (19) expression -> expression . NE expression
    (20) expression -> expression . AND expression
    (21) expression -> expression . OR expression

    PLUS            reduce using rule 23 (expression -> MINUS expression .)
    MINUS           reduce using rule 23 (expression -> MINUS expression .)
    TIMES           reduce using rule 23 (expression -> MINUS expression .)
    DIVIDE          reduce using rule 23 (expression -> MINUS expression .)
    LT              reduce using rule 23 (expression -> MINUS expression .)
    LE              reduce using rule 23 (expression -> MINUS expression .)
    GT              reduce using rule 23 (expression -> MINUS expression .)
    GE              reduce using rule 23 (expression -> MINUS expression .)
    EQ              reduce using rule 23 (expression -> MINUS expression .)
    NE              reduce using rule 23 (expression -> MINUS expression .)
    AND             reduce using rule 23 (expression -> MINUS expression .)
    OR              reduce using rule 23 (expression -> MINUS expression .)
    ID              reduce using rule 23 (expression -> MINUS expression .)
    IF              reduce using rule 23 (expression -> MINUS expression .)
    WHILE           reduce using rule 23 (expression -> MINUS expression .)
    NOT             reduce using rule 23 (expression -> MINUS expression .)
    LPAREN          reduce using rule 23 (expression -> MINUS expression .)
    NUMBER          reduce using rule 23 (expression -> MINUS expression .)
    $end            reduce using rule 23 (expression -> MINUS expression .)
    RPAREN          reduce using rule 23 (expression -> MINUS expression .)
    RBRACE          reduce using rule 23 (expression -> MINUS expression .)

  ! PLUS            [ shift and go to state 14 ]
  ! MINUS           [ shift and go to state 15 ]
  ! TIMES           [ shift and go to state 16 ]
  ! DIVIDE          [ shift and go to state 17 ]
  ! LT              [ shift and go to state 18 ]
  ! LE              [ shift and go to state 19 ]
  ! GT              [ shift and go to state 20 ]
  ! GE              [ shift and go to state 21 ]
  ! EQ              [ shift and go to state 22 ]
  ! NE              [ shift and go to state 23 ]
  ! AND             [ shift and go to state 24 ]
  ! OR              [ shift and go to state 25 ]


state 31

    (22) expression -> NOT expression .
    (10) expression -> expression . PLUS expression
    (11) expression -> expression . MINUS expression
    (12) expression -> expression . TIMES expression
    (13) expression -> expression . DIVIDE expression
    (14) expression -> expression . LT expression
    (15) expression -> expression . LE expression
    (16) expression -> expression . GT expression
    (17) expression -> expression . GE expression
    (18) expression -> expression . EQ expression
    (19) expression -> expression . NE expression
    (20) expression -> expression . AND expression
    (21) expression -> expression . OR expression

    AND             reduce using rule 22 (expression -> NOT expression .)
    OR              reduce using rule 22 (expression -> NOT expression .)
    ID              reduce using rule 22 (expression -> NOT expression .)
    IF              reduce using rule 22 (expression -> NOT expression .)
    WHILE           reduce using rule 22 (expression -> NOT expression .)
    NOT             reduce using rule 22 (expression -> NOT expression .)
    LPAREN          reduce using rule 22 (expression -> NOT expression .)
    NUMBER          reduce using rule 22 (expression -> NOT expression .)
    $end            reduce using rule 22 (expression -> NOT expression .)
    RPAREN          reduce using rule 22 (expression -> NOT expression .)
    RBRACE          reduce using rule 22 (expression -> NOT expression .)
    PLUS            shift and go to state 14
    MINUS           shift and go to state 15
    TIMES           shift and go to state 16
    DIVIDE          shift and go to state 17
    LT              shift and go to state 18
    LE              shift and go to state 19
    GT              shift and go to state 20
    GE              shift and go to state 21
    EQ              shift and go to state 22
    NE              shift and go to state 23

  ! PLUS            [ reduce using rule 22 (expression -> NOT expression .) ]
  ! MINUS           [ reduce using rule 22 (expression -> NOT expression .) ]
  ! TIMES           [ reduce using rule 22 (expression -> NOT expression .) ]
  ! DIVIDE          [ reduce using rule 22 (expression -> NOT expression .) ]
  ! LT              [ reduce using rule 22 (expression -> NOT expression .) ]
  ! LE              [ reduce using rule 22 (expression -> NOT expression .) ]
  ! GT              [ reduce using rule 22 (expression -> NOT expression .) ]
  ! GE              [ reduce using rule 22 (expression -> NOT expression .) ]
  ! EQ              [ reduce using rule 22 (expression -> NOT expression .) ]
  ! NE              [ reduce using rule 22 (expression -> NOT expression .) ]
  ! AND             [ shift and go to state 24 ]
  ! OR              [ shift and go to state 25 ]


state 32

    (4) statement -> ID EQUAL expression .
    (10) expression -> expression . PLUS expression
    (11) expression -> expression . MINUS expression
    (12) expression -> expression . TIMES expression
    (13) expression -> expression . DIVIDE expression
    (14) expression -> expression . LT expression
    (15) expression -> expression . LE expression
    (16) expression -> expression . GT expression
    (17) expression -> expression . GE expression
    (18) expression -> expression . EQ expression
    (19) expression -> expression . NE expression
    (20) expression -> expression . AND expression
    (21) expression -> expression . OR expression

  ! shift/reduce conflict for MINUS resolved as shift
    ID              reduce using rule 4 (statement -> ID EQUAL expression .)
    IF              reduce using rule 4 (statement -> ID EQUAL expression .)
    WHILE           reduce using rule 4 (statement -> ID EQUAL expression .)
    NOT             reduce using rule 4 (statement -> ID EQUAL expression .)
    LPAREN          reduce using rule 4 (statement -> ID EQUAL expression .)
    NUMBER          reduce using rule 4 (statement -> ID EQUAL expression .)
    $end            reduce using rule 4 (statement -> ID EQUAL expression .)
    RBRACE          reduce using rule 4 (statement -> ID EQUAL expression .)
    PLUS            shift and go to state 14
    MINUS           shift and go to state 15
    TIMES           shift and go to state 16
    DIVIDE          shift and go to state 17
    LT              shift and go to state 18
    LE              shift and go to state 19
    GT              shift and go to state 20
    GE              shift and go to state 21
    EQ              shift and go to state 22
    NE              shift and go to state 23
    AND             shift and go to state 24
    OR              shift and go to state 25

  ! MINUS           [ reduce using rule 4 (statement -> ID EQUAL expression .) ]


state 33

    (10) expression -> expression PLUS expression .
    (10) expression -> expression . PLUS expression
    (11) expression -> expression . MINUS expression
    (12) expression -> expression . TIMES expression
    (13) expression -> expression . DIVIDE expression
    (14) expression -> expression . LT expression
    (15) expression -> expression . LE expression
    (16) expression -> expression . GT expression
    (17) expression -> expression . GE expression
    (18) expression -> expression . EQ expression
    (19) expression -> expression . NE expression
    (20) expression -> expression . AND expression
    (21) expression -> expression . OR expression

    PLUS            reduce using rule 10 (expression -> expression PLUS expression .)
    MINUS           reduce using rule 10 (expression -> expression PLUS expression .)
    LT              reduce using rule 10 (expression -> expression PLUS expression .)
    LE              reduce using rule 10 (expression -> expression PLUS expression .)
    GT              reduce using rule 10 (expression -> expression PLUS expression .)
    GE              reduce using rule 10 (expression -> expression PLUS expression .)
    EQ              reduce using rule 10 (expression -> expression PLUS expression .)
    NE              reduce using rule 10 (expression -> expression PLUS expression .)
    AND             reduce using rule 10 (expression -> expression PLUS expression .)
    OR              reduce using rule 10 (expression -> expression PLUS expression .)
    ID              reduce using rule 10 (expression -> expression PLUS expression .)
    IF              reduce using rule 10 (expression -> expression PLUS expression .)
    WHILE           reduce using rule 10 (expression -> expression PLUS expression .)
    NOT             reduce using rule 10 (expression -> expression PLUS expression .)
    LPAREN          reduce using rule 10 (expression -> expression PLUS expression .)
    NUMBER          reduce using rule 10 (expression -> expression PLUS expression .)
    $end            reduce using rule 10 (expression -> expression PLUS expression .)
    RPAREN          reduce using rule 10 (expression -> expression PLUS expression .)
    RBRACE          reduce using rule 10 (expression -> expression PLUS expression .)
    TIMES           shift and go to state 16
    DIVIDE          shift and go to state 17

  ! TIMES           [ reduce using rule 10 (expression -> expression PLUS expression .) ]
  ! DIVIDE          [ reduce using rule 10 (expression -> expression PLUS expression .) ]
  ! PLUS            [ shift and go to state 14 ]
  ! MINUS           [ shift and go to state 15 ]
  ! LT              [ shift and go to state 18 ]
  ! LE              [ shift and go to state 19 ]
  ! GT              [ shift and go to state 20 ]
  ! GE              [ shift and go to state 21 ]
  ! EQ              [ shift and go to state 22 ]
  ! NE              [ shift and go to state 23 ]
  ! AND             [ shift and go to state 24 ]
  ! OR              [ shift and go to state 25 ]


state 34

    (11) expression -> expression MINUS expression .
    (10) expression -> expression . PLUS expression
    (11) expression -> expression . MINUS expression
    (12) expression -> expression . TIMES expression
    (13) expression -> expression . DIVIDE expression
    (14) expression -> expression . LT expression
    (15) expression -> expression . LE expression
    (16) expression -> expression . GT expression
    (17) expression -> expression . GE expression
    (18) expression -> expression . EQ expression
    (19) expression -> expression . NE expression
    (20) expression -> expression . AND expression
    (21) expression -> expression . OR expression

    PLUS            reduce using rule 11 (expression -> expression MINUS expression .)
    MINUS           reduce using rule 11 (expression -> expression MINUS expression .)
    LT              reduce using rule 11 (expression -> expression MINUS expression .)
    LE              reduce using rule 11 (expression -> expression MINUS expression .)
    GT              reduce using rule 11 (expression -> expression MINUS expression .)
    GE              reduce using rule 11 (expression -> expression MINUS expression .)
    EQ              reduce using rule 11 (expression -> expression MINUS expression .)
    NE              reduce using rule 11 (expression -> expression MINUS expression .)
    AND             reduce using rule 11 (expression -> expression MINUS expression .)
    OR              reduce using rule 11 (expression -> expression MINUS expression .)
    ID              reduce using rule 11 (expression -> expression MINUS expression .)
    IF              reduce using rule 11 (expression -> expression MINUS expression .)
    WHILE           reduce using rule 11 (expression -> expression MINUS expression .)
    NOT             reduce using rule 11 (expression -> expression MINUS expression .)
    LPAREN          reduce using rule 11 (expression -> expression MINUS expression .)
    NUMBER          reduce using rule 11 (expression -> expression MINUS expression .)
    $end            reduce using rule 11 (expression -> expression MINUS expression .)
    RPAREN          reduce using rule 11 (expression -> expression MINUS expression .)
    RBRACE          reduce using rule 11 (expression -> expression MINUS expression .)
    TIMES           shift and go to state 16
    DIVIDE          shift and go to state 17

  ! TIMES           [ reduce using rule 11 (expression -> expression MINUS expression .) ]
  ! DIVIDE          [ reduce using rule 11 (expression -> expression MINUS expression .) ]
  ! PLUS            [ shift and go to state 14 ]
  ! MINUS           [ shift and go to state 15 ]
  ! LT              [ shift and go to state 18 ]
  ! LE              [ shift and go to state 19 ]
  ! GT              [ shift and go to state 20 ]
  ! GE              [ shift and go to state 21 ]
  ! EQ              [ shift and go to state 22 ]
  ! NE              [ shift and go to state 23 ]
  ! AND             [ shift and go to state 24 ]
  ! OR              [ shift and go to state 25 ]


state 35

    (12) expression -> expression TIMES expression .
    (10) expression -> expression . PLUS expression
    (11) expression -> expression . MINUS expression
    (12) expression -> expression . TIMES expression
    (13) expression -> expression . DIVIDE expression
    (14) expression -> expression . LT expression
    (15) expression -> expression . LE expression
    (16) expression -> expression . GT expression
    (17) expression -> expression . GE expression
    (18) expression -> expression . EQ expression
    (19) expression -> expression . NE expression
    (20) expression -> expression . AND expression
    (21) expression -> expression . OR expression

    PLUS            reduce using rule 12 (expression -> expression TIMES expression .)
    MINUS           reduce using rule 12 (expression -> expression TIMES expression .)
    TIMES           reduce using rule 12 (expression -> expression TIMES expression .)
    DIVIDE          reduce using rule 12 (expression -> expression TIMES expression .)
    LT              reduce using rule 12 (expression -> expression TIMES expression .)
    LE              reduce using rule 12 (expression -> expression TIMES expression .)
    GT              reduce using rule 12 (expression -> expression TIMES expression .)
    GE              reduce using rule 12 (expression -> expression TIMES expression .)
    EQ              reduce using rule 12 (expression -> expression TIMES expression .)
    NE              reduce using rule 12 (expression -> expression TIMES expression .)
    AND             reduce using rule 12 (expression -> expression TIMES expression .)
    OR              reduce using rule 12 (expression -> expression TIMES expression .)
    ID              reduce using rule 12 (expression -> expression TIMES expression .)
    IF              reduce using rule 12 (expression -> expression TIMES expression .)
    WHILE           reduce using rule 12 (expression -> expression TIMES expression .)
    NOT             reduce using rule 12 (expression -> expression TIMES expression .)
    LPAREN          reduce using rule 12 (expression -> expression TIMES expression .)
    NUMBER          reduce using rule 12 (expression -> expression TIMES expression .)
    $end            reduce using rule 12 (expression -> expression TIMES expression .)
    RPAREN          reduce using rule 12 (expression -> expression TIMES expression .)
    RBRACE          reduce using rule 12 (expression -> expression TIMES expression .)

  ! PLUS            [ shift and go to state 14 ]
  ! MINUS           [ shift and go to state 15 ]
  ! TIMES           [ shift and go to state 16 ]
  ! DIVIDE          [ shift and go to state 17 ]
  ! LT              [ shift and go to state 18 ]
  ! LE              [ shift and go to state 19 ]
  ! GT              [ shift and go to state 20 ]
  ! GE              [ shift and go to state 21 ]
  ! EQ              [ shift and go to state 22 ]
  ! NE              [ shift and go to state 23 ]
  ! AND             [ shift and go to state 24 ]
  ! OR              [ shift and go to state 25 ]


state 36

    (13) expression -> expression DIVIDE expression .
    (10) expression -> expression . PLUS expression
    (11) expression -> expression . MINUS expression
    (12) expression -> expression . TIMES expression
    (13) expression -> expression . DIVIDE expression
    (14) expression -> expression . LT expression
    (15) expression -> expression . LE expression
    (16) expression -> expression . GT expression
    (17) expression -> expression . GE expression
    (18) expression -> expression . EQ expression
    (19) expression -> expression . NE expression
    (20) expression -> expression . AND expression
    (21) expression -> expression . OR expression

    PLUS            reduce using rule 13 (expression -> expression DIVIDE expression .)
    MINUS           reduce using rule 13 (expression -> expression DIVIDE expression .)
    TIMES           reduce using rule 13 (expression -> expression DIVIDE expression .)
    DIVIDE          reduce using rule 13 (expression -> expression DIVIDE expression .)
    LT              reduce using rule 13 (expression -> expression DIVIDE expression .)
    LE              reduce using rule 13 (expression -> expression DIVIDE expression .)
    GT              reduce using rule 13 (expression -> expression DIVIDE expression .)
    GE              reduce using rule 13 (expression -> expression DIVIDE expression .)
    EQ              reduce using rule 13 (expression -> expression DIVIDE expression .)
    NE              reduce using rule 13 (expression -> expression DIVIDE expression .)
    AND             reduce using rule 13 (expression -> expression DIVIDE expression .)
    OR              reduce using rule 13 (expression -> expression DIVIDE expression .)
    ID              reduce using rule 13 (expression -> expression DIVIDE expression .)
    IF              reduce using rule 13 (expression -> expression DIVIDE expression .)
    WHILE           reduce using rule 13 (expression -> expression DIVIDE expression .)
    NOT             reduce using rule 13 (expression -> expression DIVIDE expression .)
    LPAREN          reduce using rule 13 (expression -> expression DIVIDE expression .)
    NUMBER          reduce using rule 13 (expression -> expression DIVIDE expression .)
    $end            reduce using rule 13 (expression -> expression DIVIDE expression .)
    RPAREN          reduce using rule 13 (expression -> expression DIVIDE expression .)
    RBRACE          reduce using rule 13 (expression -> expression DIVIDE expression .)

  ! PLUS            [ shift and go to state 14 ]
  ! MINUS           [ shift and go to state 15 ]
  ! TIMES           [ shift and go to state 16 ]
  ! DIVIDE          [ shift and go to state 17 ]
  ! LT              [ shift and go to state 18 ]
  ! LE              [ shift and go to state 19 ]
  ! GT              [ shift and go to state 20 ]
  ! GE              [ shift and go to state 21 ]
  ! EQ              [ shift and go to state 22 ]
  ! NE              [ shift and go to state 23 ]
  ! AND             [ shift and go to state 24 ]
  ! OR              [ shift and go to state 25 ]


state 37

    (14) expression -> expression LT expression .
    (10) expression -> expression . PLUS expression
    (11) expression -> expression . MINUS expression
    (12) expression -> expression . TIMES expression
    (13) expression -> expression . DIVIDE expression
    (14) expression -> expression . LT expression
    (15) expression -> expression . LE expression
    (16) expression -> expression . GT expression
    (17) expression -> expression . GE expression
    (18) expression -> expression . EQ expression
    (19) expression -> expression . NE expression
    (20) expression -> expression . AND expression
    (21) expression -> expression . OR expression

    LT              reduce using rule 14 (expression -> expression LT expression .)
    LE              reduce using rule 14 (expression -> expression LT expression .)
    GT              reduce using rule 14 (expression -> expression LT expression .)
    GE              reduce using rule 14 (expression -> expression LT expression .)
    EQ              reduce using rule 14 (expression -> expression LT expression .)
    NE              reduce using rule 14 (expression -> expression LT expression .)
    AND             reduce using rule 14 (expression -> expression LT expression .)
    OR              reduce using rule 14 (expression -> expression LT expression .)
    ID              reduce using rule 14 (expression -> expression LT expression .)
    IF              reduce using rule 14 (expression -> expression LT expression .)
    WHILE           reduce using rule 14 (expression -> expression LT expression .)
    NOT             reduce using rule 14 (expression -> expression LT expression .)
    LPAREN          reduce using rule 14 (expression -> expression LT expression .)
    NUMBER          reduce using rule 14 (expression -> expression LT expression .)
    $end            reduce using rule 14 (expression -> expression LT expression .)
    RPAREN          reduce using rule 14 (expression -> expression LT expression .)
    RBRACE          reduce using rule 14 (expression -> expression LT expression .)
    PLUS            shift and go to state 14
    MINUS           shift and go to state 15
    TIMES           shift and go to state 16
    DIVIDE          shift and go to state 17

  ! PLUS            [ reduce using rule 14 (expression -> expression LT expression .) ]
  ! MINUS           [ reduce using rule 14 (expression -> expression LT expression .) ]
  ! TIMES           [ reduce using rule 14 (expression -> expression LT expression .) ]
  ! DIVIDE          [ reduce using rule 14 (expression -> expression LT expression .) ]
  ! LT              [ shift and go to state 18 ]
  ! LE              [ shift and go to state 19 ]
  ! GT              [ shift and go to state 20 ]
  ! GE              [ shift and go to state 21 ]
  ! EQ              [ shift and go to state 22 ]
  ! NE              [ shift and go to state 23 ]
  ! AND             [ shift and go to state 24 ]
  ! OR              [ shift and go to state 25 ]


state 38

    (15) expression -> expression LE expression .
    (10) expression -> expression . PLUS expression
    (11) expression -> expression . MINUS expression
    (12) expression -> expression . TIMES expression
    (13) expression -> expression . DIVIDE expression
    (14) expression -> expression . LT expression
    (15) expression -> expression . LE expression
    (16) expression -> expression . GT expression
    (17) expression -> expression . GE expression
    (18) expression -> expression . EQ expression
    (19) expression -> expression . NE expression
    (20) expression -> expression . AND expression
    (21) expression -> expression . OR expression

    LT              reduce using rule 15 (expression -> expression LE expression .)
    LE              reduce using rule 15 (expression -> expression LE expression .)
    GT              reduce using rule 15 (expression -> expression LE expression .)
    GE              reduce using rule 15 (expression -> expression LE expression .)
    EQ              reduce using rule 15 (expression -> expression LE expression .)
    NE              reduce using rule 15 (expression -> expression LE expression .)
    AND             reduce using rule 15 (expression -> expression LE expression .)
    OR              reduce using rule 15 (expression -> expression LE expression .)
    ID              reduce using rule 15 (expression -> expression LE expression .)
    IF              reduce using rule 15 (expression -> expression LE expression .)
    WHILE           reduce using rule 15 (expression -> expression LE expression .)
    NOT             reduce using rule 15 (expression -> expression LE expression .)
    LPAREN          reduce using rule 15 (expression -> expression LE expression .)
    NUMBER          reduce using rule 15 (expression -> expression LE expression .)
    $end            reduce using rule 15 (expression -> expression LE expression .)
    RPAREN          reduce using rule 15 (expression -> expression LE expression .)
    RBRACE          reduce using rule 15 (expression -> expression LE expression .)
    PLUS            shift and go to state 14
    MINUS           shift and go to state 15
    TIMES           shift and go to state 16
    DIVIDE          shift and go to state 17

  ! PLUS            [ reduce using rule 15 (expression -> expression LE expression .) ]
  ! MINUS           [ reduce using rule 15 (expression -> expression LE expression .) ]
  ! TIMES           [ reduce using rule 15 (expression -> expression LE expression .) ]
  ! DIVIDE          [ reduce using rule 15 (expression -> expression LE expression .) ]
  ! LT              [ shift and go to state 18 ]
  ! LE              [ shift and go to state 19 ]
  ! GT              [ shift and go to state 20 ]
  ! GE              [ shift and go to state 21 ]
  ! EQ              [ shift and go to state 22 ]
  ! NE              [ shift and go to state 23 ]
  ! AND             [ shift and go to state 24 ]
  ! OR              [ shift and go to state 25 ]


state 39

    (16) expression -> expression GT expression .
    (10) expression -> expression . PLUS expression
    (11) expression -> expression . MINUS expression
    (12) expression -> expression . TIMES expression
    (13) expression -> expression . DIVIDE expression
    (14) expression -> expression . LT expression
    (15) expression -> expression . LE expression
    (16) expression -> expression . GT expression
    (17) expression -> expression . GE expression
    (18) expression -> expression . EQ expression
    (19) expression -> expression . NE expression
    (20) expression -> expression . AND expression
    (21) expression -> expression . OR expression

    LT              reduce using rule 16 (expression -> expression GT expression .)
    LE              reduce using rule 16 (expression -> expression GT expression .)
    GT              reduce using rule 16 (expression -> expression GT expression .)
    GE              reduce using rule 16 (expression -> expression GT expression .)
    EQ              reduce using rule 16 (expression -> expression GT expression .)
    NE              reduce using rule 16 (expression -> expression GT expression .)
    AND             reduce using rule 16 (expression -> expression GT expression .)
    OR              reduce using rule 16 (expression -> expression GT expression .)
    ID              reduce using rule 16 (expression -> expression GT expression .)
    IF              reduce using rule 16 (expression -> expression GT expression .)
    WHILE           reduce using rule 16 (expression -> expression GT expression .)
    NOT             reduce using rule 16 (expression -> expression GT expression .)
    LPAREN          reduce using rule 16 (expression -> expression GT expression .)
    NUMBER          reduce using rule 16 (expression -> expression GT expression .)
    $end            reduce using rule 16 (expression -> expression GT expression .)
    RPAREN          reduce using rule 16 (expression -> expression GT expression .)
    RBRACE          reduce using rule 16 (expression -> expression GT expression .)
    PLUS            shift and go to state 14
    MINUS           shift and go to state 15
    TIMES           shift and go to state 16
    DIVIDE          shift and go to state 17

  ! PLUS            [ reduce using rule 16 (expression -> expression GT expression .) ]
  ! MINUS           [ reduce using rule 16 (expression -> expression GT expression .) ]
  ! TIMES           [ reduce using rule 16 (expression -> expression GT expression .) ]
  ! DIVIDE          [ reduce using rule 16 (expression -> expression GT expression .) ]
  ! LT              [ shift and go to state 18 ]
  ! LE              [ shift and go to state 19 ]
  ! GT              [ shift and go to state 20 ]
  ! GE              [ shift and go to state 21 ]
  ! EQ              [ shift and go to state 22 ]
  ! NE              [ shift and go to state 23 ]
  ! AND             [ shift and go to state 24 ]
  ! OR              [ shift and go to state 25 ]


state 40

    (17) expression -> expression GE expression .
    (10) expression -> expression . PLUS expression
    (11) expression -> expression . MINUS expression
    (12) expression -> expression . TIMES expression
    (13) expression -> expression . DIVIDE expression
    (14) expression -> expression . LT expression
    (15) expression -> expression . LE expression
    (16) expression -> expression . GT expression
    (17) expression -> expression . GE expression
    (18) expression -> expression . EQ expression
    (19) expression -> expression . NE expression
    (20) expression -> expression . AND expression
    (21) expression -> expression . OR expression

    LT              reduce using rule 17 (expression -> expression GE expression .)
    LE              reduce using rule 17 (expression -> expression GE expression .)
    GT              reduce using rule 17 (expression -> expression GE expression .)
    GE              reduce using rule 17 (expression -> expression GE expression .)
    EQ              reduce using rule 17 (expression -> expression GE expression .)
    NE              reduce using rule 17 (expression -> expression GE expression .)
    AND             reduce using rule 17 (expression -> expression GE expression .)
    OR              reduce using rule 17 (expression -> expression GE expression .)
    ID              reduce using rule 17 (expression -> expression GE expression .)
    IF              reduce using rule 17 (expression -> expression GE expression .)
    WHILE           reduce using rule 17 (expression -> expression GE expression .)
    NOT             reduce using rule 17 (expression -> expression GE expression .)
    LPAREN          reduce using rule 17 (expression -> expression GE expression .)
    NUMBER          reduce using rule 17 (expression -> expression GE expression .)
    $end            reduce using rule 17 (expression -> expression GE expression .)
    RPAREN          reduce using rule 17 (expression -> expression GE expression .)
    RBRACE          reduce using rule 17 (expression -> expression GE expression .)
    PLUS            shift and go to state 14
    MINUS           shift and go to state 15
    TIMES           shift and go to state 16
    DIVIDE          shift and go to state 17

  ! PLUS            [ reduce using rule 17 (expression -> expression GE expression .) ]
  ! MINUS           [ reduce using rule 17 (expression -> expression GE expression .) ]
  ! TIMES           [ reduce using rule 17 (expression -> expression GE expression .) ]
  ! DIVIDE          [ reduce using rule 17 (expression -> expression GE expression .) ]
  ! LT              [ shift and go to state 18 ]
  ! LE              [ shift and go to state 19 ]
  ! GT              [ shift and go to state 20 ]
  ! GE              [ shift and go to state 21 ]
  ! EQ              [ shift and go to state 22 ]
  ! NE              [ shift and go to state 23 ]
  ! AND             [ shift and go to state 24 ]
  ! OR              [ shift and go to state 25 ]


state 41

    (18) expression -> expression EQ expression .
    (10) expression -> expression . PLUS expression
    (11) expression -> expression . MINUS expression
    (12) expression -> expression . TIMES expression
    (13) expression -> expression . DIVIDE expression
    (14) expression -> expression . LT expression
    (15) expression -> expression . LE expression
    (16) expression -> expression . GT expression
    (17) expression -> expression . GE expression
    (18) expression -> expression . EQ expression
    (19) expression -> expression . NE expression
    (20) expression -> expression . AND expression
    (21) expression -> expression . OR expression

    EQ              reduce using rule 18 (expression -> expression EQ expression .)
    NE              reduce using rule 18 (expression -> expression EQ expression .)
    AND             reduce using rule 18 (expression -> expression EQ expression .)
    OR              reduce using rule 18 (expression -> expression EQ expression .)
    ID              reduce using rule 18 (expression -> expression EQ expression .)
    IF              reduce using rule 18 (expression -> expression EQ expression .)
    WHILE           reduce using rule 18 (expression -> expression EQ expression .)
    NOT             reduce using rule 18 (expression -> expression EQ expression .)
    LPAREN          reduce using rule 18 (expression -> expression EQ expression .)
    NUMBER          reduce using rule 18 (expression -> expression EQ expression .)
    $end            reduce using rule 18 (expression -> expression EQ expression .)
    RPAREN          reduce using rule 18 (expression -> expression EQ expression .)
    RBRACE          reduce using rule 18 (expression -> expression EQ expression .)
    PLUS            shift and go to state 14
    MINUS           shift and go to state 15
    TIMES           shift and go to state 16
    DIVIDE          shift and go to state 17
    LT              shift and go to state 18
    LE              shift and go to state 19
    GT              shift and go to state 20
    GE              shift and go to state 21

  ! PLUS            [ reduce using rule 18 (expression -> expression EQ expression .) ]
  ! MINUS           [ reduce using rule 18 (expression -> expression EQ expression .) ]
  ! TIMES           [ reduce using rule 18 (expression -> expression EQ expression .) ]
  ! DIVIDE          [ reduce using rule 18 (expression -> expression EQ expression .) ]
  ! LT              [ reduce using rule 18 (expression -> expression EQ expression .) ]
  ! LE              [ reduce using rule 18 (expression -> expression EQ expression .) ]
  ! GT              [ reduce using rule 18 (expression -> expression EQ expression .) ]
  ! GE              [ reduce using rule 18 (expression -> expression EQ expression .) ]
  ! EQ              [ shift and go to state 22 ]
  ! NE              [ shift and go to state 23 ]
  ! AND             [ shift and go to state 24 ]
  ! OR              [ shift and go to state 25 ]


state 42

    (19) expression -> expression NE expression .
    (10) expression -> expression . PLUS expression
    (11) expression -> expression . MINUS expression
    (12) expression -> expression . TIMES expression
    (13) expression -> expression . DIVIDE expression
    (14) expression -> expression . LT expression
    (15) expression -> expression . LE expression
    (16) expression -> expression . GT expression
    (17) expression -> expression . GE expression
    (18) expression -> expression . EQ expression
    (19) expression -> expression . NE expression
    (20) expression -> expression . AND expression
    (21) expression -> expression . OR expression

    EQ              reduce using rule 19 (expression -> expression NE expression .)
    NE              reduce using rule 19 (expression -> expression NE expression .)
    AND             reduce using rule 19 (expression -> expression NE expression .)
    OR              reduce using rule 19 (expression -> expression NE expression .)
    ID              reduce using rule 19 (expression -> expression NE expression .)
    IF              reduce using rule 19 (expression -> expression NE expression .)
    WHILE           reduce using rule 19 (expression -> expression NE expression .)
    NOT             reduce using rule 19 (expression -> expression NE expression .)
    LPAREN          reduce using rule 19 (expression -> expression NE expression .)
    NUMBER          reduce using rule 19 (expression -> expression NE expression .)
    $end            reduce using rule 19 (expression -> expression NE expression .)
    RPAREN          reduce using rule 19 (expression -> expression NE expression .)
    RBRACE          reduce using rule 19 (expression -> expression NE expression .)
    PLUS            shift and go to state 14
    MINUS           shift and go to state 15
    TIMES           shift and go to state 16
    DIVIDE          shift and go to state 17
    LT              shift and go to state 18
    LE              shift and go to state 19
    GT              shift and go to state 20
    GE              shift and go to state 21

  ! PLUS            [ reduce using rule 19 (expression -> expression NE expression .) ]
  ! MINUS           [ reduce using rule 19 (expression -> expression NE expression .) ]
  ! TIMES           [ reduce using rule 19 (expression -> expression NE expression .) ]
  ! DIVIDE          [ reduce using rule 19 (expression -> expression NE expression .) ]
  ! LT              [ reduce using rule 19 (expression -> expression NE expression .) ]
  ! LE              [ reduce using rule 19 (expression -> expression NE expression .) ]
  ! GT              [ reduce using rule 19 (expression -> expression NE expression .) ]
  ! GE              [ reduce using rule 19 (expression -> expression NE expression .) ]
  ! EQ              [ shift and go to state 22 ]
  ! NE              [ shift and go to state 23 ]
  ! AND             [ shift and go to state 24 ]
  ! OR              [ shift and go to state 25 ]


state 43

    (20) expression -> expression AND expression .
    (10) expression -> expression . PLUS expression
    (11) expression -> expression . MINUS expression
    (12) expression -> expression . TIMES expression
    (13) expression -> expression . DIVIDE expression
    (14) expression -> expression . LT expression
    (15) expression -> expression . LE expression
    (16) expression -> expression . GT expression
    (17) expression -> expression . GE expression
    (18) expression -> expression . EQ expression
    (19) expression -> expression . NE expression
    (20) expression -> expression . AND expression
    (21) expression -> expression . OR expression

    AND             reduce using rule 20 (expression -> expression AND expression .)
    OR              reduce using rule 20 (expression -> expression AND expression .)
    ID              reduce using rule 20 (expression -> expression AND expression .)
    IF              reduce using rule 20 (expression -> expression AND expression .)
    WHILE           reduce using rule 20 (expression -> expression AND expression .)
    NOT             reduce using rule 20 (expression -> expression AND expression .)
    LPAREN          reduce using rule 20 (expression -> expression AND expression .)
    NUMBER          reduce using rule 20 (expression -> expression AND expression .)
    $end            reduce using rule 20 (expression -> expression AND expression .)
    RPAREN          reduce using rule 20 (expression -> expression AND expression .)
    RBRACE          reduce using rule 20 (expression -> expression AND expression .)
    PLUS            shift and go to state 14
    MINUS           shift and go to state 15
    TIMES           shift and go to state 16
    DIVIDE          shift and go to state 17
    LT              shift and go to state 18
    LE              shift and go to state 19
    GT              shift and go to state 20
    GE              shift and go to state 21
    EQ              shift and go to state 22
    NE              shift and go to state 23

  ! PLUS            [ reduce using rule 20 (expression -> expression AND expression .) ]
  ! MINUS           [ reduce using rule 20 (expression -> expression AND expression .) ]
  ! TIMES           [ reduce using rule 20 (expression -> expression AND expression .) ]
  ! DIVIDE          [ reduce using rule 20 (expression -> expression AND expression .) ]
  ! LT              [ reduce using rule 20 (expression -> expression AND expression .) ]
  ! LE              [ reduce using rule 20 (expression -> expression AND expression .) ]
  ! GT              [ reduce using rule 20 (expression -> expression AND expression .) ]
  ! GE              [ reduce using rule 20 (expression -> expression AND expression .) ]
  ! EQ              [ reduce using rule 20 (expression -> expression AND expression .) ]
  ! NE              [ reduce using rule 20 (expression -> expression AND expression .) ]
  ! AND             [ shift and go to state 24 ]
  ! OR              [ shift and go to state 25 ]


state 44

    (21) expression -> expression OR expression .
    (10) expression -> expression . PLUS expression
    (11) expression -> expression . MINUS expression
    (12) expression -> expression . TIMES expression
    (13) expression -> expression . DIVIDE expression
    (14) expression -> expression . LT expression
    (15) expression -> expression . LE expression
    (16) expression -> expression . GT expression
    (17) expression -> expression . GE expression
    (18) expression -> expression . EQ expression
    (19) expression -> expression . NE expression
    (20) expression -> expression . AND expression
    (21) expression -> expression . OR expression

    OR              reduce using rule 21 (expression -> expression OR expression .)
    ID              reduce using rule 21 (expression -> expression OR expression .)
    IF              reduce using rule 21 (expression -> expression OR expression .)
    WHILE           reduce using rule 21 (expression -> expression OR expression .)
    NOT             reduce using rule 21 (expression -> expression OR expression .)
    LPAREN          reduce using rule 21 (expression -> expression OR expression .)
    NUMBER          reduce using rule 21 (expression -> expression OR expression .)
    $end            reduce using rule 21 (expression -> expression OR expression .)
    RPAREN          reduce using rule 21 (expression -> expression OR expression .)
    RBRACE          reduce using rule 21 (expression -> expression OR expression .)
    PLUS            shift and go to state 14
    MINUS           shift and go to state 15
    TIMES           shift and go to state 16
    DIVIDE          shift and go to state 17
    LT              shift and go to state 18
    LE              shift and go to state 19
    GT              shift and go to state 20
    GE              shift and go to state 21
    EQ              shift and go to state 22
    NE              shift and go to state 23
    AND             shift and go to state 24

  ! PLUS            [ reduce using rule 21 (expression -> expression OR expression .) ]
  ! MINUS           [ reduce using rule 21 (expression -> expression OR expression .) ]
  ! TIMES           [ reduce using rule 21 (expression -> expression OR expression .) ]
  ! DIVIDE          [ reduce using rule 21 (expression -> expression OR expression .) ]
  ! LT              [ reduce using rule 21 (expression -> expression OR expression .) ]
  ! LE              [ reduce using rule 21 (expression -> expression OR expression .) ]
  ! GT              [ reduce using rule 21 (expression -> expression OR expression .) ]
  ! GE              [ reduce using rule 21 (expression -> expression OR expression .) ]
  ! EQ              [ reduce using rule 21 (expression -> expression OR expression .) ]
  ! NE              [ reduce using rule 21 (expression -> expression OR expression .) ]
  ! AND             [ reduce using rule 21 (expression -> expression OR expression .) ]
  ! OR              [ shift and go to state 25 ]


state 45

    (6) statement -> IF LPAREN expression . RPAREN block
    (7) statement -> IF LPAREN expression . RPAREN block ELSE block
    (10) expression -> expression . PLUS expression
    (11) expression -> expression . MINUS expression
    (12) expression -> expression . TIMES expression
    (13) expression -> expression . DIVIDE expression
    (14) expression -> expression . LT expression
    (15) expression -> expression . LE expression
    (16) expression -> expression . GT expression
    (17) expression -> expression . GE expression
    (18) expression -> expression . EQ expression
    (19) expression -> expression . NE expression
    (20) expression -> expression . AND expression
    (21) expression -> expression . OR expression

    RPAREN          shift and go to state 48
    PLUS            shift and go to state 14
    MINUS           shift and go to state 15
    TIMES           shift and go to state 16
    DIVIDE          shift and go to state 17
    LT              shift and go to state 18
    LE              shift and go to state 19
    GT              shift and go to state 20
    GE              shift and go to state 21
    EQ              shift and go to state 22
    NE              shift and go to state 23
    AND             shift and go to state 24
    OR              shift and go to state 25


state 46

    (24) expression -> LPAREN expression RPAREN .

    PLUS            reduce using rule 24 (expression -> LPAREN expression RPAREN .)
    MINUS           reduce using rule 24 (expression -> LPAREN expression RPAREN .)
    TIMES           reduce using rule 24 (expression -> LPAREN expression RPAREN .)
    DIVIDE          reduce using rule 24 (expression -> LPAREN expression RPAREN .)
    LT              reduce using rule 24 (expression -> LPAREN expression RPAREN .)
    LE              reduce using rule 24 (expression -> LPAREN expression RPAREN .)
    GT              reduce using rule 24 (expression -> LPAREN expression RPAREN .)
    GE              reduce using rule 24 (expression -> LPAREN expression RPAREN .)
    EQ              reduce using rule 24 (expression -> LPAREN expression RPAREN .)
    NE              reduce using rule 24 (expression -> LPAREN expression RPAREN .)
    AND             reduce using rule 24 (expression -> LPAREN expression RPAREN .)
    OR              reduce using rule 24 (expression -> LPAREN expression RPAREN .)
    ID              reduce using rule 24 (expression -> LPAREN expression RPAREN .)
    IF              reduce using rule 24 (expression -> LPAREN expression RPAREN .)
    WHILE           reduce using rule 24 (expression -> LPAREN expression RPAREN .)
    NOT             reduce using rule 24 (expression -> LPAREN expression RPAREN .)
    LPAREN          reduce using rule 24 (expression -> LPAREN expression RPAREN .)
    NUMBER          reduce using rule 24 (expression -> LPAREN expression RPAREN .)
    $end            reduce using rule 24 (expression -> LPAREN expression RPAREN .)
    RPAREN          reduce using rule 24 (expression -> LPAREN expression RPAREN .)
    RBRACE          reduce using rule 24 (expression -> LPAREN expression RPAREN .)


state 47

    (8) statement -> WHILE LPAREN expression . RPAREN block
    (10) expression -> expression . PLUS expression
    (11) expression -> expression . MINUS expression
    (12) expression -> expression . TIMES expression
    (13) expression -> expression . DIVIDE expression
    (14) expression -> expression . LT expression
    (15) expression -> expression . LE expression
    (16) expression -> expression . GT expression
    (17) expression -> expression . GE expression
    (18) expression -> expression . EQ expression
    (19) expression -> expression . NE expression
    (20) expression -> expression . AND expression
    (21) expression -> expression . OR expression

    RPAREN          shift and go to state 49
    PLUS            shift and go to state 14
    MINUS           shift and go to state 15
    TIMES           shift and go to state 16
    DIVIDE          shift and go to state 17
    LT              shift and go to state 18
    LE              shift and go to state 19
    GT              shift and go to state 20
    GE              shift and go to state 21
    EQ              shift and go to state 22
    NE              shift and go to state 23
    AND             shift and go to state 24
    OR              shift and go to state 25


state 48

    (6) statement -> IF LPAREN expression RPAREN . block
    (7) statement -> IF LPAREN expression RPAREN . block ELSE block
    (9) block -> . LBRACE statements RBRACE

    LBRACE          shift and go to state 51

    block                          shift and go to state 50

state 49

    (8) statement -> WHILE LPAREN expression RPAREN . block
    (9) block -> . LBRACE statements RBRACE

    LBRACE          shift and go to state 51

    block                          shift and go to state 52

state 50

    (6) statement -> IF LPAREN expression RPAREN block .
    (7) statement -> IF LPAREN expression RPAREN block . ELSE block

    ID              reduce using rule 6 (statement -> IF LPAREN expression RPAREN block .)
    IF              reduce using rule 6 (statement -> IF LPAREN expression RPAREN block .)
    WHILE           reduce using rule 6 (statement -> IF LPAREN expression RPAREN block .)
    NOT             reduce using rule 6 (statement -> IF LPAREN expression RPAREN block .)
    MINUS           reduce using rule 6 (statement -> IF LPAREN expression RPAREN block .)
    LPAREN          reduce using rule 6 (statement -> IF LPAREN expression RPAREN block .)
    NUMBER          reduce using rule 6 (statement -> IF LPAREN expression RPAREN block .)
    $end            reduce using rule 6 (statement -> IF LPAREN expression RPAREN block .)
    RBRACE          reduce using rule 6 (statement -> IF LPAREN expression RPAREN block .)
    ELSE            shift and go to state 53


state 51

    (9) block -> LBRACE . statements RBRACE
    (2) statements -> . statements statement
    (3) statements -> . statement
    (4) statement -> . ID EQUAL expression
    (5) statement -> . expression
    (6) statement -> . IF LPAREN expression RPAREN block
    (7) statement -> . IF LPAREN expression RPAREN block ELSE block
    (8) statement -> . WHILE LPAREN expression RPAREN block
    (10) expression -> . expression PLUS expression
    (11) expression -> . expression MINUS expression
    (12) expression -> . expression TIMES expression
    (13) expression -> . expression DIVIDE expression
    (14) expression -> . expression LT expression
    (15) expression -> . expression LE expression
    (16) expression -> . expression GT expression
    (17) expression -> . expression GE expression
    (18) expression -> . expression EQ expression
    (19) expression -> . expression NE expression
    (20) expression -> . expression AND expression
    (21) expression -> . expression OR expression
    (22) expression -> . NOT expression
    (23) expression -> . MINUS expression
    (24) expression -> . LPAREN expression RPAREN
    (25) expression -> . NUMBER
    (26) expression -> . ID

    ID              shift and go to state 4
    IF              shift and go to state 6
    WHILE           shift and go to state 8
    NOT             shift and go to state 10
    MINUS           shift and go to state 9
    LPAREN          shift and go to state 7
    NUMBER          shift and go to state 11

    statements                     shift and go to state 54
    statement                      shift and go to state 3
    expression                     shift and go to state 5

state 52

    (8) statement -> WHILE LPAREN expression RPAREN block .

    ID              reduce using rule 8 (statement -> WHILE LPAREN expression RPAREN block .)
    IF              reduce using rule 8 (statement -> WHILE LPAREN expression RPAREN block .)
    WHILE           reduce using rule 8 (statement -> WHILE LPAREN expression RPAREN block .)
    NOT             reduce using rule 8 (statement -> WHILE LPAREN expression RPAREN block .)
    MINUS           reduce using rule 8 (statement -> WHILE LPAREN expression RPAREN block .)
    LPAREN          reduce using rule 8 (statement -> WHILE LPAREN expression RPAREN block .)
    NUMBER          reduce using rule 8 (statement -> WHILE LPAREN expression RPAREN block .)
    $end            reduce using rule 8 (statement -> WHILE LPAREN expression RPAREN block .)
    RBRACE          reduce using rule 8 (statement -> WHILE LPAREN expression RPAREN block .)


state 53

    (7) statement -> IF LPAREN expression RPAREN block ELSE . block
    (9) block -> . LBRACE statements RBRACE

    LBRACE          shift and go to state 51

    block                          shift and go to state 55

state 54

    (9) block -> LBRACE statements . RBRACE
    (2) statements -> statements . statement
    (4) statement -> . ID EQUAL expression
    (5) statement -> . expression
    (6) statement -> . IF LPAREN expression RPAREN block
    (7) statement -> . IF LPAREN expression RPAREN block ELSE block
    (8) statement -> . WHILE LPAREN expression RPAREN block
    (10) expression -> . expression PLUS expression
    (11) expression -> . expression MINUS expression
    (12) expression -> . expression TIMES expression
    (13) expression -> . expression DIVIDE expression
    (14) expression -> . expression LT expression
    (15) expression -> . expression LE expression
    (16) expression -> . expression GT expression
    (17) expression -> . expression GE expression
    (18) expression -> . expression EQ expression
    (19) expression -> . expression NE expression
    (20) expression -> . expression AND expression
    (21) expression -> . expression OR expression
    (22) expression -> . NOT expression
    (23) expression -> . MINUS expression
    (24) expression -> . LPAREN expression RPAREN
    (25) expression -> . NUMBER
    (26) expression -> . ID

    RBRACE          shift and go to state 56
    ID              shift and go to state 4
    IF              shift and go to state 6
    WHILE           shift and go to state 8
    NOT             shift and go to state 10
    MINUS           shift and go to state 9
    LPAREN          shift and go to state 7
    NUMBER          shift and go to state 11

    statement                      shift and go to state 12
    expression                     shift and go to state 5

state 55

    (7) statement -> IF LPAREN expression RPAREN block ELSE block .

    ID              reduce using rule 7 (statement -> IF LPAREN expression RPAREN block ELSE block .)
    IF              reduce using rule 7 (statement -> IF LPAREN expression RPAREN block ELSE block .)
    WHILE           reduce using rule 7 (statement -> IF LPAREN expression RPAREN block ELSE block .)
    NOT             reduce using rule 7 (statement -> IF LPAREN expression RPAREN block ELSE block .)
    MINUS           reduce using rule 7 (statement -> IF LPAREN expression RPAREN block ELSE block .)
    LPAREN          reduce using rule 7 (statement -> IF LPAREN expression RPAREN block ELSE block .)
    NUMBER          reduce using rule 7 (statement -> IF LPAREN expression RPAREN block ELSE block .)
    $end            reduce using rule 7 (statement -> IF LPAREN expression RPAREN block ELSE block .)
    RBRACE          reduce using rule 7 (statement -> IF LPAREN expression RPAREN block ELSE block .)


state 56

    (9) block -> LBRACE statements RBRACE .

    ELSE            reduce using rule 9 (block -> LBRACE statements RBRACE .)
    ID              reduce using rule 9 (block -> LBRACE statements RBRACE .)
    IF              reduce using rule 9 (block -> LBRACE statements RBRACE .)
    WHILE           reduce using rule 9 (block -> LBRACE statements RBRACE .)
    NOT             reduce using rule 9 (block -> LBRACE statements RBRACE .)
    MINUS           reduce using rule 9 (block -> LBRACE statements RBRACE .)
    LPAREN          reduce using rule 9 (block -> LBRACE statements RBRACE .)
    NUMBER          reduce using rule 9 (block -> LBRACE statements RBRACE .)
    $end            reduce using rule 9 (block -> LBRACE statements RBRACE .)
    RBRACE          reduce using rule 9 (block -> LBRACE statements RBRACE .)

WARNING: 
WARNING: Conflicts:
WARNING: 
WARNING: shift/reduce conflict for MINUS in state 5 resolved as shift
WARNING: shift/reduce conflict for MINUS in state 32 resolved as shift
